<?xml version="1.0" encoding="UTF-8"?>
<!-- Generated by org.testng.reporters.JUnitReportReporter -->
<testsuite skipped="1" hostname="DESKTOP-NO9I0HD" name="ExtentReport.ExtentReportsClass" tests="3" failures="0" timestamp="18 Mar 2021 05:14:30 GMT" time="0.069" errors="0">
  <testcase name="failTest" time="0.047" classname="ExtentReport.ExtentReportsClass"/>
  <testcase name="passTest" time="0.016" classname="ExtentReport.ExtentReportsClass"/>
  <testcase name="skipTest" time="0.006" classname="ExtentReport.ExtentReportsClass">
    <skipped/>
  </testcase> <!-- skipTest -->
</testsuite> <!-- ExtentReport.ExtentReportsClass -->
