<?xml version="1.0" encoding="UTF-8"?>
<!-- Generated by org.testng.reporters.JUnitReportReporter -->
<testsuite skipped="0" hostname="DESKTOP-NO9I0HD" name="TestngPractice.DataProvider" tests="2" failures="0" timestamp="18 Mar 2021 23:58:41 GMT" time="21.569" errors="0">
  <testcase name="datatest" time="8.983" classname="TestngPractice.DataProvider"/>
  <testcase name="datatest" time="12.586" classname="TestngPractice.DataProvider"/>
</testsuite> <!-- TestngPractice.DataProvider -->
