<?xml version="1.0" encoding="UTF-8"?>
<!-- Generated by org.testng.reporters.JUnitReportReporter -->
<testsuite skipped="0" hostname="DESKTOP-NO9I0HD" name="TestngPractice.DataProvider" tests="2" failures="0" timestamp="23 Mar 2021 21:36:55 GMT" time="42.660" errors="0">
  <testcase name="datatest" time="30.073" classname="TestngPractice.DataProvider"/>
  <testcase name="datatest" time="12.587" classname="TestngPractice.DataProvider"/>
</testsuite> <!-- TestngPractice.DataProvider -->
