<?xml version="1.0" encoding="UTF-8"?>
<!-- Generated by org.testng.reporters.JUnitReportReporter -->
<testsuite skipped="0" hostname="DESKTOP-NO9I0HD" name="TestngPractice.DataProvider" tests="2" failures="0" timestamp="20 Mar 2021 02:04:28 GMT" time="34.269" errors="0">
  <testcase name="datatest" time="15.644" classname="TestngPractice.DataProvider"/>
  <testcase name="datatest" time="18.625" classname="TestngPractice.DataProvider"/>
</testsuite> <!-- TestngPractice.DataProvider -->
