<?xml version="1.0" encoding="UTF-8"?>
<!-- Generated by org.testng.reporters.JUnitReportReporter -->
<testsuite skipped="0" hostname="DESKTOP-NO9I0HD" name="TestngPractice.practicegit3" tests="1" failures="0" timestamp="23 Mar 2021 21:36:55 GMT" time="0.001" errors="0">
  <testcase name="test1" time="0.001" classname="TestngPractice.practicegit3"/>
</testsuite> <!-- TestngPractice.practicegit3 -->
