<?xml version="1.0" encoding="UTF-8"?>
<!-- Generated by org.testng.reporters.JUnitReportReporter -->
<testsuite skipped="0" hostname="DESKTOP-NO9I0HD" name="TestngPractice.LoginTest" tests="1" failures="0" timestamp="23 Mar 2021 21:36:55 GMT" time="23.795" errors="0">
  <testcase name="login" time="23.795" classname="TestngPractice.LoginTest"/>
</testsuite> <!-- TestngPractice.LoginTest -->
