<?xml version="1.0" encoding="UTF-8"?>
<!-- Generated by org.testng.reporters.JUnitReportReporter -->
<testsuite skipped="0" hostname="DESKTOP-NO9I0HD" name="TestngPractice.LoginTest" tests="1" failures="0" timestamp="20 Mar 2021 02:04:28 GMT" time="25.302" errors="0">
  <testcase name="login" time="25.302" classname="TestngPractice.LoginTest"/>
</testsuite> <!-- TestngPractice.LoginTest -->
